Build started 18/06/2014 18:52:58.
     1>Project "D:\Technion\project\ECCproject\ECCproject\ECCproject.vcxproj" on node 2 (build target(s)).
     1>InitializeBuildStatus:
         Creating "Release\ECCproject.unsuccessfulbuild" because "AlwaysCreate" was specified.
       ClCompile:
         C:\Program Files (x86)\Microsoft Visual Studio 10.0\VC\bin\CL.exe /c /I"D:\Technion\project\WinNTL-6_0_0\include" /Zi /nologo /W3 /WX- /O2 /Oi /Oy- /GL /D _MBCS /Gm- /EHsc /MD /GS /Gy /fp:precise /Zc:wchar_t /Zc:forScope /Fo"Release\\" /Fd"Release\vc100.pdb" /Gd /TP /analyze- /errorReport:prompt ECCprime.cpp
         ECCprime.cpp
     1>D:\Technion\project\WinNTL-6_0_0\include\NTL/vector.h(396): warning C4812: obsolete declaration style: please use 'NTL::Vec<T>::~Vec' instead
     1>D:\Technion\project\WinNTL-6_0_0\include\NTL/vector.h(396): warning C4812: obsolete declaration style: please use 'NTL::Vec<T>::~Vec' instead
                 with
                 [
                     T=NTL::ZZ
                 ]
                 D:\Technion\project\WinNTL-6_0_0\include\NTL/vector.h(397) : while compiling class template member function 'NTL::Vec<T>::~Vec(void)'
                 with
                 [
                     T=NTL::ZZ
                 ]
                 D:\Technion\project\WinNTL-6_0_0\include\NTL/vec_ZZ.h(14) : see reference to class template instantiation 'NTL::Vec<T>' being compiled
                 with
                 [
                     T=NTL::ZZ
                 ]
     1>D:\Technion\project\WinNTL-6_0_0\include\NTL/vector.h(396): warning C4812: obsolete declaration style: please use 'NTL::Vec<T>::~Vec' instead
                 with
                 [
                     T=NTL::ZZ_p
                 ]
                 D:\Technion\project\WinNTL-6_0_0\include\NTL/vector.h(397) : while compiling class template member function 'NTL::Vec<T>::~Vec(void)'
                 with
                 [
                     T=NTL::ZZ_p
                 ]
                 D:\Technion\project\WinNTL-6_0_0\include\NTL/vec_ZZ_p.h(15) : see reference to class template instantiation 'NTL::Vec<T>' being compiled
                 with
                 [
                     T=NTL::ZZ_p
                 ]
     1>D:\Technion\project\WinNTL-6_0_0\include\NTL/vector.h(396): warning C4812: obsolete declaration style: please use 'NTL::Vec<T>::~Vec' instead
                 with
                 [
                     T=NTL::Vec<long>
                 ]
                 D:\Technion\project\WinNTL-6_0_0\include\NTL/vector.h(397) : while compiling class template member function 'NTL::Vec<T>::~Vec(void)'
                 with
                 [
                     T=NTL::Vec<long>
                 ]
                 D:\Technion\project\WinNTL-6_0_0\include\NTL/FFT.h(41) : see reference to class template instantiation 'NTL::Vec<T>' being compiled
                 with
                 [
                     T=NTL::Vec<long>
                 ]
     1>D:\Technion\project\WinNTL-6_0_0\include\NTL/vector.h(396): warning C4812: obsolete declaration style: please use 'NTL::Vec<T>::~Vec' instead
                 with
                 [
                     T=NTL::Vec<NTL::mulmod_precon_t>
                 ]
                 D:\Technion\project\WinNTL-6_0_0\include\NTL/vector.h(397) : while compiling class template member function 'NTL::Vec<T>::~Vec(void)'
                 with
                 [
                     T=NTL::Vec<NTL::mulmod_precon_t>
                 ]
                 D:\Technion\project\WinNTL-6_0_0\include\NTL/FFT.h(42) : see reference to class template instantiation 'NTL::Vec<T>' being compiled
                 with
                 [
                     T=NTL::Vec<NTL::mulmod_precon_t>
                 ]
     1>D:\Technion\project\WinNTL-6_0_0\include\NTL/vector.h(396): warning C4812: obsolete declaration style: please use 'NTL::Vec<T>::~Vec' instead
                 with
                 [
                     T=NTL::ZZ_pX
                 ]
                 D:\Technion\project\WinNTL-6_0_0\include\NTL/vector.h(397) : while compiling class template member function 'NTL::Vec<T>::~Vec(void)'
                 with
                 [
                     T=NTL::ZZ_pX
                 ]
                 D:\Technion\project\WinNTL-6_0_0\include\NTL/ZZ_pX.h(1076) : see reference to class template instantiation 'NTL::Vec<T>' being compiled
                 with
                 [
                     T=NTL::ZZ_pX
                 ]
     1>D:\Technion\project\WinNTL-6_0_0\include\NTL/vector.h(396): warning C4812: obsolete declaration style: please use 'NTL::Vec<T>::~Vec' instead
                 with
                 [
                     T=NTL::pair_ZZ_pX_long
                 ]
                 D:\Technion\project\WinNTL-6_0_0\include\NTL/vector.h(397) : while compiling class template member function 'NTL::Vec<T>::~Vec(void)'
                 with
                 [
                     T=NTL::pair_ZZ_pX_long
                 ]
                 D:\Technion\project\WinNTL-6_0_0\include\NTL/ZZ_pXFactoring.h(28) : see reference to class template instantiation 'NTL::Vec<T>' being compiled
                 with
                 [
                     T=NTL::pair_ZZ_pX_long
                 ]
     1>D:\Technion\project\WinNTL-6_0_0\include\NTL/vector.h(396): warning C4812: obsolete declaration style: please use 'NTL::Vec<T>::~Vec' instead
                 with
                 [
                     T=NTL::ZZ_pE
                 ]
                 D:\Technion\project\WinNTL-6_0_0\include\NTL/vector.h(397) : while compiling class template member function 'NTL::Vec<T>::~Vec(void)'
                 with
                 [
                     T=NTL::ZZ_pE
                 ]
                 D:\Technion\project\WinNTL-6_0_0\include\NTL/vec_ZZ_pE.h(14) : see reference to class template instantiation 'NTL::Vec<T>' being compiled
                 with
                 [
                     T=NTL::ZZ_pE
                 ]
     1>D:\Technion\project\WinNTL-6_0_0\include\NTL/vector.h(79): warning C4291: 'void *operator new(size_t,_ntl_vector_placement)' : no matching operator delete found; memory will not be freed if initialization throws an exception
                 D:\Technion\project\WinNTL-6_0_0\include\NTL/vector.h(36) : see declaration of 'operator new'
                 D:\Technion\project\WinNTL-6_0_0\include\NTL/vector.h(319) : see reference to function template instantiation 'void NTL::BlockConstruct<T>(T *,long)' being compiled
                 with
                 [
                     T=NTL::ZZ_pE
                 ]
                 D:\Technion\project\WinNTL-6_0_0\include\NTL/vector.h(291) : while compiling class template member function 'void NTL::Vec<T>::DoSetLength(long)'
                 with
                 [
                     T=NTL::ZZ_pE
                 ]
     1>D:\Technion\project\WinNTL-6_0_0\include\NTL/vector.h(396): warning C4812: obsolete declaration style: please use 'NTL::Vec<T>::~Vec' instead
                 with
                 [
                     T=long
                 ]
                 D:\Technion\project\WinNTL-6_0_0\include\NTL/vector.h(397) : while compiling class template member function 'NTL::Vec<T>::~Vec(void)'
                 with
                 [
                     T=long
                 ]
                 D:\Technion\project\WinNTL-6_0_0\include\NTL/vector.h(399) : see reference to function template instantiation 'void NTL::BlockDestroy<T>(T *,long)' being compiled
                 with
                 [
                     T=NTL::Vec<long>
                 ]
                 D:\Technion\project\WinNTL-6_0_0\include\NTL/vector.h(397) : while compiling class template member function 'NTL::Vec<T>::~Vec(void)'
                 with
                 [
                     T=NTL::Vec<long>
                 ]
     1>D:\Technion\project\WinNTL-6_0_0\include\NTL/vector.h(396): warning C4812: obsolete declaration style: please use 'NTL::Vec<T>::~Vec' instead
                 with
                 [
                     T=NTL::mulmod_precon_t
                 ]
                 D:\Technion\project\WinNTL-6_0_0\include\NTL/vector.h(397) : while compiling class template member function 'NTL::Vec<T>::~Vec(void)'
                 with
                 [
                     T=NTL::mulmod_precon_t
                 ]
                 D:\Technion\project\WinNTL-6_0_0\include\NTL/vector.h(399) : see reference to function template instantiation 'void NTL::BlockDestroy<T>(T *,long)' being compiled
                 with
                 [
                     T=NTL::Vec<NTL::mulmod_precon_t>
                 ]
                 D:\Technion\project\WinNTL-6_0_0\include\NTL/vector.h(397) : while compiling class template member function 'NTL::Vec<T>::~Vec(void)'
                 with
                 [
                     T=NTL::Vec<NTL::mulmod_precon_t>
                 ]
     1>D:\Technion\project\WinNTL-6_0_0\include\NTL/vector.h(79): warning C4291: 'void *operator new(size_t,_ntl_vector_placement)' : no matching operator delete found; memory will not be freed if initialization throws an exception
                 D:\Technion\project\WinNTL-6_0_0\include\NTL/vector.h(36) : see declaration of 'operator new'
                 D:\Technion\project\WinNTL-6_0_0\include\NTL/vector.h(319) : see reference to function template instantiation 'void NTL::BlockConstruct<T>(T *,long)' being compiled
                 with
                 [
                     T=NTL::ZZ_pX
                 ]
                 D:\Technion\project\WinNTL-6_0_0\include\NTL/vector.h(291) : while compiling class template member function 'void NTL::Vec<T>::DoSetLength(long)'
                 with
                 [
                     T=NTL::ZZ_pX
                 ]
                 D:\Technion\project\WinNTL-6_0_0\include\NTL/vector.h(379) : while compiling class template member function 'NTL::Vec<T> &NTL::Vec<T>::operator =(const NTL::Vec<T> &)'
                 with
                 [
                     T=NTL::ZZ_pX
                 ]
     1>D:\Technion\project\WinNTL-6_0_0\include\NTL/vector.h(79): warning C4291: 'void *operator new(size_t,_ntl_vector_placement)' : no matching operator delete found; memory will not be freed if initialization throws an exception
                 D:\Technion\project\WinNTL-6_0_0\include\NTL/vector.h(36) : see declaration of 'operator new'
                 D:\Technion\project\WinNTL-6_0_0\include\NTL/vector.h(319) : see reference to function template instantiation 'void NTL::BlockConstruct<T>(T *,long)' being compiled
                 with
                 [
                     T=NTL::pair_ZZ_pX_long
                 ]
                 D:\Technion\project\WinNTL-6_0_0\include\NTL/vector.h(291) : while compiling class template member function 'void NTL::Vec<T>::DoSetLength(long)'
                 with
                 [
                     T=NTL::pair_ZZ_pX_long
                 ]
                 D:\Technion\project\WinNTL-6_0_0\include\NTL/vector.h(379) : while compiling class template member function 'NTL::Vec<T> &NTL::Vec<T>::operator =(const NTL::Vec<T> &)'
                 with
                 [
                     T=NTL::pair_ZZ_pX_long
                 ]
       Link:
         C:\Program Files (x86)\Microsoft Visual Studio 10.0\VC\bin\link.exe /ERRORREPORT:PROMPT /OUT:"D:\Technion\project\ECCproject\Release\ECCproject.exe" /NOLOGO kernel32.lib user32.lib gdi32.lib winspool.lib comdlg32.lib advapi32.lib shell32.lib ole32.lib oleaut32.lib uuid.lib odbc32.lib odbccp32.lib /MANIFEST /ManifestFile:"Release\ECCproject.exe.intermediate.manifest" /MANIFESTUAC:"level='asInvoker' uiAccess='false'" /DEBUG /PDB:"D:\Technion\project\ECCproject\Release\ECCproject.pdb" /OPT:REF /OPT:ICF /LTCG /TLBID:1 /DYNAMICBASE /NXCOMPAT /IMPLIB:"D:\Technion\project\ECCproject\Release\ECCproject.lib" /MACHINE:X86 Release\ctools.obj
         Release\FacVec.obj
         Release\FFT.obj
         Release\fileio.obj
         Release\GetTime.obj
         Release\GF2.obj
         Release\GF2E.obj
         Release\GF2EX.obj
         Release\GF2EXFactoring.obj
         Release\GF2X.obj
         Release\GF2X1.obj
         Release\GF2XFactoring.obj
         Release\GF2XVec.obj
         Release\G_LLL_FP.obj
         Release\G_LLL_QP.obj
         Release\G_LLL_RR.obj
         Release\G_LLL_XD.obj
         Release\HNF.obj
         Release\lip.obj
         Release\LLL.obj
         Release\LLL_FP.obj
         Release\LLL_QP.obj
         Release\LLL_RR.obj
         Release\LLL_XD.obj
         Release\lzz_p.obj
         Release\lzz_pE.obj
         Release\lzz_pEX.obj
         Release\lzz_pEXFactoring.obj
         Release\lzz_pX.obj
         Release\lzz_pX1.obj
         Release\lzz_pXCharPoly.obj
         Release\lzz_pXFactoring.obj
         Release\mat_GF2.obj
         Release\mat_GF2E.obj
         Release\mat_lzz_p.obj
         Release\mat_lzz_pE.obj
         Release\mat_poly_lzz_p.obj
         Release\mat_poly_ZZ.obj
         Release\mat_poly_ZZ_p.obj
         Release\mat_RR.obj
         Release\mat_ZZ.obj
         Release\mat_ZZ_p.obj
         Release\mat_ZZ_pE.obj
         Release\quad_float.obj
         Release\RR.obj
         Release\tools.obj
         Release\vec_GF2.obj
         Release\vec_GF2E.obj
         Release\vec_lzz_p.obj
         Release\vec_lzz_pE.obj
         Release\vec_RR.obj
         Release\vec_ZZ.obj
         Release\vec_ZZ_p.obj
         Release\vec_ZZ_pE.obj
         Release\WordVector.obj
         Release\xdouble.obj
         Release\ZZ.obj
         Release\ZZVec.obj
         Release\ZZX.obj
         Release\ZZX1.obj
         Release\ZZXCharPoly.obj
         Release\ZZXFactoring.obj
         Release\ZZ_p.obj
         Release\ZZ_pE.obj
         Release\ZZ_pEX.obj
         Release\ZZ_pEXFactoring.obj
         Release\ZZ_pX.obj
         Release\ZZ_pX1.obj
         Release\ZZ_pXCharPoly.obj
         Release\ZZ_pXFactoring.obj
         Release\ECCprime.obj
         Release\main.obj
         Generating code
         Finished generating code
         ECCproject.vcxproj -> D:\Technion\project\ECCproject\Release\ECCproject.exe
       Manifest:
         C:\Program Files (x86)\Microsoft SDKs\Windows\v7.0A\bin\mt.exe /nologo /verbose /outputresource:"D:\Technion\project\ECCproject\Release\ECCproject.exe;#1" /manifest Release\ECCproject.exe.intermediate.manifest
       FinalizeBuildStatus:
         Deleting file "Release\ECCproject.unsuccessfulbuild".
         Touching "Release\ECCproject.lastbuildstate".
     1>Done Building Project "D:\Technion\project\ECCproject\ECCproject\ECCproject.vcxproj" (build target(s)).

Build succeeded.

Time Elapsed 00:00:04.21
